  [1m[35m (485.8ms)[0m  [1m[35mCREATE DATABASE "stock_api_development" ENCODING = 'unicode'[0m
  [1m[35m (335.2ms)[0m  [1m[35mCREATE DATABASE "stock_api_test" ENCODING = 'unicode'[0m
  [1m[35m (26.5ms)[0m  [1m[35mCREATE TABLE "schema_migrations" ("version" character varying NOT NULL PRIMARY KEY)[0m
  [1m[35m (3.4ms)[0m  [1m[35mCREATE TABLE "ar_internal_metadata" ("key" character varying NOT NULL PRIMARY KEY, "value" character varying, "created_at" timestamp(6) NOT NULL, "updated_at" timestamp(6) NOT NULL)[0m
  [1m[35m (0.8ms)[0m  [1m[34mSELECT pg_try_advisory_lock(2585040186375428145)[0m
  [1m[35m (1.2ms)[0m  [1m[34mSELECT "schema_migrations"."version" FROM "schema_migrations" ORDER BY "schema_migrations"."version" ASC[0m
Migrating to CreateUsers (20190808012415)
  [1m[35m (0.1ms)[0m  [1m[35mBEGIN[0m
  [1m[35m (9.3ms)[0m  [1m[35mCREATE TABLE "users" ("id" bigserial primary key, "user_name" character varying, "password" character varying, "created_at" timestamp(6) NOT NULL, "updated_at" timestamp(6) NOT NULL)[0m
  [1m[36mprimary::SchemaMigration Create (1.8ms)[0m  [1m[32mINSERT INTO "schema_migrations" ("version") VALUES ($1) RETURNING "version"[0m  [["version", "20190808012415"]]
  [1m[35m (0.5ms)[0m  [1m[35mCOMMIT[0m
  [1m[36mActiveRecord::InternalMetadata Load (0.4ms)[0m  [1m[34mSELECT "ar_internal_metadata".* FROM "ar_internal_metadata" WHERE "ar_internal_metadata"."key" = $1 LIMIT $2[0m  [["key", "environment"], ["LIMIT", 1]]
  [1m[35m (0.2ms)[0m  [1m[35mBEGIN[0m
  [1m[36mActiveRecord::InternalMetadata Create (1.2ms)[0m  [1m[32mINSERT INTO "ar_internal_metadata" ("key", "value", "created_at", "updated_at") VALUES ($1, $2, $3, $4) RETURNING "key"[0m  [["key", "environment"], ["value", "development"], ["created_at", "2019-08-08 01:28:29.593307"], ["updated_at", "2019-08-08 01:28:29.593307"]]
  [1m[35m (0.5ms)[0m  [1m[35mCOMMIT[0m
  [1m[35m (0.7ms)[0m  [1m[34mSELECT pg_advisory_unlock(2585040186375428145)[0m
  [1m[35m (4.9ms)[0m  [1m[34mSELECT "schema_migrations"."version" FROM "schema_migrations" ORDER BY "schema_migrations"."version" ASC[0m
DEPRECATION WARNING: warning: white_list_sanitizer isdeprecated, please use safe_list_sanitizer instead. (called from <top (required)> at /Users/hartwrm/Documents/Projects/stock_info/stock_info__api/stock_api/app/controllers/application_controller.rb:1)
  [1m[35m (0.3ms)[0m  [1m[34mSELECT pg_try_advisory_lock(2585040186375428145)[0m
  [1m[35m (0.6ms)[0m  [1m[34mSELECT "schema_migrations"."version" FROM "schema_migrations" ORDER BY "schema_migrations"."version" ASC[0m
Migrating to PasswordChange (20190808012851)
  [1m[35m (0.5ms)[0m  [1m[35mBEGIN[0m
  [1m[35m (3.0ms)[0m  [1m[35mALTER TABLE "users" RENAME COLUMN "password" TO "password_digest"[0m
  [1m[36mprimary::SchemaMigration Create (0.3ms)[0m  [1m[32mINSERT INTO "schema_migrations" ("version") VALUES ($1) RETURNING "version"[0m  [["version", "20190808012851"]]
  [1m[35m (0.7ms)[0m  [1m[35mCOMMIT[0m
  [1m[36mActiveRecord::InternalMetadata Load (0.8ms)[0m  [1m[34mSELECT "ar_internal_metadata".* FROM "ar_internal_metadata" WHERE "ar_internal_metadata"."key" = $1 LIMIT $2[0m  [["key", "environment"], ["LIMIT", 1]]
  [1m[35m (0.3ms)[0m  [1m[34mSELECT pg_advisory_unlock(2585040186375428145)[0m
  [1m[35m (3.5ms)[0m  [1m[34mSELECT "schema_migrations"."version" FROM "schema_migrations" ORDER BY "schema_migrations"."version" ASC[0m
  [1m[35m (0.6ms)[0m  [1m[34mSELECT "schema_migrations"."version" FROM "schema_migrations" ORDER BY "schema_migrations"."version" ASC[0m
  [1m[35m (0.4ms)[0m  [1m[34mSELECT "schema_migrations"."version" FROM "schema_migrations" ORDER BY "schema_migrations"."version" ASC[0m
  [1m[35m (0.2ms)[0m  [1m[34mSELECT "schema_migrations"."version" FROM "schema_migrations" ORDER BY "schema_migrations"."version" ASC[0m
  [1m[35m (0.1ms)[0m  [1m[34mSELECT pg_try_advisory_lock(2585040186375428145)[0m
  [1m[35m (0.3ms)[0m  [1m[34mSELECT "schema_migrations"."version" FROM "schema_migrations" ORDER BY "schema_migrations"."version" ASC[0m
Migrating to PasswordChange (20190808012851)
  [1m[35m (0.2ms)[0m  [1m[35mBEGIN[0m
  [1m[35m (0.4ms)[0m  [1m[35mALTER TABLE "users" RENAME COLUMN "password_digest" TO "password"[0m
  [1m[36mprimary::SchemaMigration Destroy (4.1ms)[0m  [1m[31mDELETE FROM "schema_migrations" WHERE "schema_migrations"."version" = $1[0m  [["version", "20190808012851"]]
  [1m[35m (1.0ms)[0m  [1m[35mCOMMIT[0m
  [1m[35m (0.2ms)[0m  [1m[34mSELECT pg_advisory_unlock(2585040186375428145)[0m
  [1m[35m (1.1ms)[0m  [1m[34mSELECT "schema_migrations"."version" FROM "schema_migrations" ORDER BY "schema_migrations"."version" ASC[0m
  [1m[35m (0.3ms)[0m  [1m[34mSELECT pg_try_advisory_lock(2585040186375428145)[0m
  [1m[35m (0.6ms)[0m  [1m[34mSELECT "schema_migrations"."version" FROM "schema_migrations" ORDER BY "schema_migrations"."version" ASC[0m
Migrating to PasswordChange (20190808012851)
  [1m[35m (0.2ms)[0m  [1m[35mBEGIN[0m
  [1m[35m (0.6ms)[0m  [1m[35mALTER TABLE "users" RENAME COLUMN "password" TO "password_digest"[0m
  [1m[36mprimary::SchemaMigration Create (0.3ms)[0m  [1m[32mINSERT INTO "schema_migrations" ("version") VALUES ($1) RETURNING "version"[0m  [["version", "20190808012851"]]
  [1m[35m (1.3ms)[0m  [1m[35mCOMMIT[0m
  [1m[36mActiveRecord::InternalMetadata Load (0.3ms)[0m  [1m[34mSELECT "ar_internal_metadata".* FROM "ar_internal_metadata" WHERE "ar_internal_metadata"."key" = $1 LIMIT $2[0m  [["key", "environment"], ["LIMIT", 1]]
  [1m[35m (0.2ms)[0m  [1m[34mSELECT pg_advisory_unlock(2585040186375428145)[0m
  [1m[35m (0.9ms)[0m  [1m[34mSELECT "schema_migrations"."version" FROM "schema_migrations" ORDER BY "schema_migrations"."version" ASC[0m
DEPRECATION WARNING: warning: white_list_sanitizer isdeprecated, please use safe_list_sanitizer instead. (called from <top (required)> at /Users/hartwrm/Documents/Projects/stock_info/stock_info__api/stock_api/app/controllers/application_controller.rb:1)
  [1m[36mUser Load (0.7ms)[0m  [1m[34mSELECT "users".* FROM "users" LIMIT $1[0m  [["LIMIT", 11]]
  [1m[36mUser Load (0.2ms)[0m  [1m[34mSELECT "users".* FROM "users" WHERE "users"."id" = $1 LIMIT $2[0m  [["id", 1], ["LIMIT", 1]]
  [1m[35m (0.2ms)[0m  [1m[35mBEGIN[0m
  [1m[36mUser Create (3.3ms)[0m  [1m[32mINSERT INTO "users" ("user_name", "password_digest", "created_at", "updated_at") VALUES ($1, $2, $3, $4) RETURNING "id"[0m  [["user_name", "Kyle"], ["password_digest", "$2a$12$UzKf9n1fpGBSZAthAiNcIeBbJ/HeMxYc2pK4fYY/Ex0K.9t21Gk66"], ["created_at", "2019-08-08 01:40:47.678554"], ["updated_at", "2019-08-08 01:40:47.678554"]]
  [1m[35m (0.5ms)[0m  [1m[35mCOMMIT[0m
  [1m[36mUser Load (0.6ms)[0m  [1m[34mSELECT "users".* FROM "users" WHERE "users"."id" = $1 LIMIT $2[0m  [["id", 1], ["LIMIT", 1]]
  [1m[36mUser Load (0.6ms)[0m  [1m[34mSELECT "users".* FROM "users" WHERE "users"."id" = $1 LIMIT $2[0m  [["id", 1], ["LIMIT", 1]]
DEPRECATION WARNING: warning: white_list_sanitizer isdeprecated, please use safe_list_sanitizer instead. (called from <top (required)> at /Users/hartwrm/Documents/Projects/stock_info/stock_info__api/stock_api/app/controllers/application_controller.rb:1)
Started POST "/users/login?user[user_name]=Kyle&user[password]=[FILTERED]" for ::1 at 2019-08-07 21:47:29 -0400
  [1m[35m (0.8ms)[0m  [1m[34mSELECT "schema_migrations"."version" FROM "schema_migrations" ORDER BY "schema_migrations"."version" ASC[0m
Processing by UsersController#login as */*
  Parameters: {"review"=>{"title"=>"testtest", "content"=>"testtests", "author"=>"testtest"}, "user"=>{"user_name"=>"Kyle", "password"=>"[FILTERED]"}}
Completed 500 Internal Server Error in 12ms (ActiveRecord: 2.4ms | Allocations: 2077)


  
ActiveRecord::StatementInvalid (PG::UndefinedColumn: ERROR:  column users.username does not exist
LINE 1: SELECT "users".* FROM "users" WHERE "users"."username" = $1 ...
                                            ^
HINT:  Perhaps you meant to reference the column "users.user_name".
):
  
app/controllers/users_controller.rb:5:in `login'
Started POST "/users/login?user[user_name]=Kyle&user[password]=[FILTERED]" for ::1 at 2019-08-07 21:48:01 -0400
Processing by UsersController#login as */*
  Parameters: {"review"=>{"title"=>"testtest", "content"=>"testtests", "author"=>"testtest"}, "user"=>{"user_name"=>"Kyle", "password"=>"[FILTERED]"}}
  [1m[36mUser Load (0.5ms)[0m  [1m[34mSELECT "users".* FROM "users" WHERE "users"."user_name" = $1 LIMIT $2[0m  [["user_name", "Kyle"], ["LIMIT", 1]]
  ↳ app/controllers/users_controller.rb:5:in `login'
Completed 200 OK in 465ms (Views: 2.9ms | ActiveRecord: 9.2ms | Allocations: 5300)


Started POST "/users/login?user[user_name]=Kyle&user[password]=[FILTERED]" for ::1 at 2019-08-07 21:48:14 -0400
Processing by UsersController#login as */*
  Parameters: {"review"=>{"title"=>"testtest", "content"=>"testtests", "author"=>"testtest"}, "user"=>{"user_name"=>"Kyle", "password"=>"[FILTERED]"}}
  [1m[36mUser Load (2.9ms)[0m  [1m[34mSELECT "users".* FROM "users" WHERE "users"."user_name" = $1 LIMIT $2[0m  [["user_name", "Kyle"], ["LIMIT", 1]]
  ↳ app/controllers/users_controller.rb:5:in `login'
Completed 200 OK in 398ms (Views: 0.2ms | ActiveRecord: 2.9ms | Allocations: 734)


Started POST "/users/login?user[user_name]=Kyle&user[password]=[FILTERED]" for ::1 at 2019-08-07 21:57:45 -0400
Processing by UsersController#login as */*
  Parameters: {"review"=>{"title"=>"testtest", "content"=>"testtests", "author"=>"testtest"}, "user"=>{"user_name"=>"Kyle", "password"=>"[FILTERED]"}}
  [1m[36mUser Load (0.7ms)[0m  [1m[34mSELECT "users".* FROM "users" WHERE "users"."user_name" = $1 LIMIT $2[0m  [["user_name", "Kyle"], ["LIMIT", 1]]
  ↳ app/controllers/users_controller.rb:5:in `login'
Completed 500 Internal Server Error in 416ms (ActiveRecord: 1.3ms | Allocations: 6178)


  
NameError (uninitialized constant UsersController::JWT):
  
app/controllers/users_controller.rb:76:in `create_token'
app/controllers/users_controller.rb:7:in `login'
Started POST "/users/login?user[user_name]=Kyle&user[password]=[FILTERED]" for ::1 at 2019-08-07 21:58:56 -0400
Processing by UsersController#login as */*
  Parameters: {"review"=>{"title"=>"testtest", "content"=>"testtests", "author"=>"testtest"}, "user"=>{"user_name"=>"Kyle", "password"=>"[FILTERED]"}}
  [1m[36mUser Load (1.8ms)[0m  [1m[34mSELECT "users".* FROM "users" WHERE "users"."user_name" = $1 LIMIT $2[0m  [["user_name", "Kyle"], ["LIMIT", 1]]
  ↳ app/controllers/users_controller.rb:5:in `login'
Completed 500 Internal Server Error in 400ms (ActiveRecord: 9.1ms | Allocations: 6309)


  
NameError (uninitialized constant UsersController::JWT):
  
app/controllers/users_controller.rb:65:in `create_token'
app/controllers/users_controller.rb:7:in `login'
Started POST "/users/login?user[user_name]=Kyle&user[password]=[FILTERED]" for ::1 at 2019-08-07 22:04:46 -0400
Processing by UsersController#login as */*
  Parameters: {"review"=>{"title"=>"testtest", "content"=>"testtests", "author"=>"testtest"}, "user"=>{"user_name"=>"Kyle", "password"=>"[FILTERED]"}}
  [1m[36mUser Load (0.9ms)[0m  [1m[34mSELECT "users".* FROM "users" WHERE "users"."user_name" = $1 LIMIT $2[0m  [["user_name", "Kyle"], ["LIMIT", 1]]
  ↳ app/controllers/users_controller.rb:5:in `login'
Completed 200 OK in 347ms (Views: 0.2ms | ActiveRecord: 1.8ms | Allocations: 841)


Started POST "/users/login?user[user_name]=Kyle&user[password]=[FILTERED]" for ::1 at 2019-08-07 22:05:09 -0400
Processing by UsersController#login as */*
  Parameters: {"review"=>{"title"=>"testtest", "content"=>"testtests", "author"=>"testtest"}, "user"=>{"user_name"=>"Kyle", "password"=>"[FILTERED]"}}
  [1m[36mUser Load (0.6ms)[0m  [1m[34mSELECT "users".* FROM "users" WHERE "users"."user_name" = $1 LIMIT $2[0m  [["user_name", "Kyle"], ["LIMIT", 1]]
  ↳ app/controllers/users_controller.rb:5:in `login'
Completed 500 Internal Server Error in 543ms (ActiveRecord: 0.6ms | Allocations: 2156)


  
NameError (uninitialized constant UsersController::JWT):
  
app/controllers/users_controller.rb:65:in `create_token'
app/controllers/users_controller.rb:7:in `login'
Started POST "/users/login?user[user_name]=Kyle&user[password]=[FILTERED]" for ::1 at 2019-08-07 22:06:47 -0400
Processing by UsersController#login as */*
  Parameters: {"review"=>{"title"=>"testtest", "content"=>"testtests", "author"=>"testtest"}, "user"=>{"user_name"=>"Kyle", "password"=>"[FILTERED]"}}
  [1m[36mUser Load (0.3ms)[0m  [1m[34mSELECT "users".* FROM "users" WHERE "users"."user_name" = $1 LIMIT $2[0m  [["user_name", "Kyle"], ["LIMIT", 1]]
  ↳ app/controllers/users_controller.rb:5:in `login'
Completed 500 Internal Server Error in 334ms (ActiveRecord: 12.5ms | Allocations: 6367)


  
NameError (uninitialized constant UsersController::JWT):
  
app/controllers/users_controller.rb:65:in `create_token'
app/controllers/users_controller.rb:7:in `login'
Started POST "/users/login?user[user_name]=Kyle&user[password]=[FILTERED]" for ::1 at 2019-08-07 22:08:56 -0400
Processing by UsersController#login as */*
  Parameters: {"review"=>{"title"=>"testtest", "content"=>"testtests", "author"=>"testtest"}, "user"=>{"user_name"=>"Kyle", "password"=>"[FILTERED]"}}
  [1m[36mUser Load (0.2ms)[0m  [1m[34mSELECT "users".* FROM "users" WHERE "users"."user_name" = $1 LIMIT $2[0m  [["user_name", "Kyle"], ["LIMIT", 1]]
  ↳ app/controllers/users_controller.rb:5:in `login'
Completed 500 Internal Server Error in 375ms (ActiveRecord: 3.3ms | Allocations: 6275)


  
NameError (uninitialized constant UsersController::JWT):
  
app/controllers/users_controller.rb:64:in `create_token'
app/controllers/users_controller.rb:7:in `login'
Started POST "/users/login?user[user_name]=Kyle&user[password]=[FILTERED]" for ::1 at 2019-08-07 22:10:29 -0400
Processing by UsersController#login as */*
  Parameters: {"review"=>{"title"=>"testtest", "content"=>"testtests", "author"=>"testtest"}, "user"=>{"user_name"=>"Kyle", "password"=>"[FILTERED]"}}
  [1m[36mUser Load (0.8ms)[0m  [1m[34mSELECT "users".* FROM "users" WHERE "users"."user_name" = $1 LIMIT $2[0m  [["user_name", "Kyle"], ["LIMIT", 1]]
  ↳ app/controllers/users_controller.rb:5:in `login'
Completed 500 Internal Server Error in 817ms (ActiveRecord: 5.9ms | Allocations: 75642)


  
NameError (undefined local variable or method `jwt' for #<UsersController:0x00007fd68801a908>):
  
app/controllers/users_controller.rb:64:in `create_token'
app/controllers/users_controller.rb:7:in `login'
Started POST "/users/login?user[user_name]=Kyle&user[password]=[FILTERED]" for ::1 at 2019-08-07 22:10:44 -0400
Processing by UsersController#login as */*
  Parameters: {"review"=>{"title"=>"testtest", "content"=>"testtests", "author"=>"testtest"}, "user"=>{"user_name"=>"Kyle", "password"=>"[FILTERED]"}}
  [1m[36mUser Load (1.2ms)[0m  [1m[34mSELECT "users".* FROM "users" WHERE "users"."user_name" = $1 LIMIT $2[0m  [["user_name", "Kyle"], ["LIMIT", 1]]
  ↳ app/controllers/users_controller.rb:5:in `login'
Completed 500 Internal Server Error in 340ms (ActiveRecord: 5.3ms | Allocations: 6304)


  
NameError (uninitialized constant UsersController::JWT):
  
app/controllers/users_controller.rb:64:in `create_token'
app/controllers/users_controller.rb:7:in `login'
Started POST "/users/login?user[user_name]=Kyle&user[password]=[FILTERED]" for ::1 at 2019-08-07 22:11:39 -0400
  
LoadError (cannot load such file -- jwt):
  
app/controllers/users_controller.rb:3:in `<class:UsersController>'
app/controllers/users_controller.rb:1:in `<top (required)>'
Started POST "/users/login?user[user_name]=Kyle&user[password]=[FILTERED]" for ::1 at 2019-08-07 22:13:58 -0400
  
AbstractController::ActionNotFound (The action 'login' could not be found for UsersController):
  
actionpack (6.0.0.rc2) lib/abstract_controller/base.rb:131:in `process'
actionpack (6.0.0.rc2) lib/action_controller/metal.rb:191:in `dispatch'
actionpack (6.0.0.rc2) lib/action_controller/metal.rb:252:in `dispatch'
actionpack (6.0.0.rc2) lib/action_dispatch/routing/route_set.rb:51:in `dispatch'
actionpack (6.0.0.rc2) lib/action_dispatch/routing/route_set.rb:33:in `serve'
actionpack (6.0.0.rc2) lib/action_dispatch/journey/router.rb:49:in `block in serve'
actionpack (6.0.0.rc2) lib/action_dispatch/journey/router.rb:32:in `each'
actionpack (6.0.0.rc2) lib/action_dispatch/journey/router.rb:32:in `serve'
actionpack (6.0.0.rc2) lib/action_dispatch/routing/route_set.rb:837:in `call'
rack (2.0.7) lib/rack/etag.rb:25:in `call'
rack (2.0.7) lib/rack/conditional_get.rb:38:in `call'
rack (2.0.7) lib/rack/head.rb:12:in `call'
activerecord (6.0.0.rc2) lib/active_record/migration.rb:567:in `call'
actionpack (6.0.0.rc2) lib/action_dispatch/middleware/callbacks.rb:27:in `block in call'
activesupport (6.0.0.rc2) lib/active_support/callbacks.rb:101:in `run_callbacks'
actionpack (6.0.0.rc2) lib/action_dispatch/middleware/callbacks.rb:26:in `call'
actionpack (6.0.0.rc2) lib/action_dispatch/middleware/executor.rb:14:in `call'
actionpack (6.0.0.rc2) lib/action_dispatch/middleware/actionable_exceptions.rb:17:in `call'
actionpack (6.0.0.rc2) lib/action_dispatch/middleware/debug_exceptions.rb:32:in `call'
actionpack (6.0.0.rc2) lib/action_dispatch/middleware/show_exceptions.rb:33:in `call'
railties (6.0.0.rc2) lib/rails/rack/logger.rb:38:in `call_app'
railties (6.0.0.rc2) lib/rails/rack/logger.rb:26:in `block in call'
activesupport (6.0.0.rc2) lib/active_support/tagged_logging.rb:80:in `block in tagged'
activesupport (6.0.0.rc2) lib/active_support/tagged_logging.rb:28:in `tagged'
activesupport (6.0.0.rc2) lib/active_support/tagged_logging.rb:80:in `tagged'
railties (6.0.0.rc2) lib/rails/rack/logger.rb:26:in `call'
actionpack (6.0.0.rc2) lib/action_dispatch/middleware/remote_ip.rb:81:in `call'
actionpack (6.0.0.rc2) lib/action_dispatch/middleware/request_id.rb:27:in `call'
rack (2.0.7) lib/rack/runtime.rb:22:in `call'
activesupport (6.0.0.rc2) lib/active_support/cache/strategy/local_cache_middleware.rb:29:in `call'
actionpack (6.0.0.rc2) lib/action_dispatch/middleware/executor.rb:14:in `call'
actionpack (6.0.0.rc2) lib/action_dispatch/middleware/static.rb:126:in `call'
rack (2.0.7) lib/rack/sendfile.rb:111:in `call'
actionpack (6.0.0.rc2) lib/action_dispatch/middleware/host_authorization.rb:83:in `call'
railties (6.0.0.rc2) lib/rails/engine.rb:526:in `call'
puma (3.12.1) lib/puma/configuration.rb:227:in `call'
puma (3.12.1) lib/puma/server.rb:660:in `handle_request'
puma (3.12.1) lib/puma/server.rb:474:in `process_client'
puma (3.12.1) lib/puma/server.rb:334:in `block in run'
puma (3.12.1) lib/puma/thread_pool.rb:135:in `block in spawn_thread'
DEPRECATION WARNING: warning: white_list_sanitizer isdeprecated, please use safe_list_sanitizer instead. (called from <top (required)> at /Users/hartwrm/Documents/Projects/stock_info/stock_info__api/stock_api/app/controllers/application_controller.rb:1)
Started POST "/users/login?user[user_name]=Kyle&user[password]=[FILTERED]" for ::1 at 2019-08-07 22:14:26 -0400
  [1m[35m (1.7ms)[0m  [1m[34mSELECT "schema_migrations"."version" FROM "schema_migrations" ORDER BY "schema_migrations"."version" ASC[0m
Processing by UsersController#login as */*
  Parameters: {"review"=>{"title"=>"testtest", "content"=>"testtests", "author"=>"testtest"}, "user"=>{"user_name"=>"Kyle", "password"=>"[FILTERED]"}}
  [1m[36mUser Load (0.5ms)[0m  [1m[34mSELECT "users".* FROM "users" WHERE "users"."user_name" = $1 LIMIT $2[0m  [["user_name", "Kyle"], ["LIMIT", 1]]
  ↳ app/controllers/users_controller.rb:5:in `login'
Completed 500 Internal Server Error in 736ms (ActiveRecord: 7.7ms | Allocations: 76992)


  
NameError (undefined local variable or method `user_name' for #<UsersController:0x00007fde67f33bd8>
Did you mean?  user_path):
  
app/controllers/users_controller.rb:8:in `login'
DEPRECATION WARNING: warning: white_list_sanitizer isdeprecated, please use safe_list_sanitizer instead. (called from <top (required)> at /Users/hartwrm/Documents/Projects/stock_info/stock_info__api/stock_api/app/controllers/application_controller.rb:1)
Started POST "/users/login?user[user_name]=Kyle&user[password]=[FILTERED]" for ::1 at 2019-08-07 22:15:02 -0400
  [1m[35m (0.8ms)[0m  [1m[34mSELECT "schema_migrations"."version" FROM "schema_migrations" ORDER BY "schema_migrations"."version" ASC[0m
Processing by UsersController#login as */*
  Parameters: {"review"=>{"title"=>"testtest", "content"=>"testtests", "author"=>"testtest"}, "user"=>{"user_name"=>"Kyle", "password"=>"[FILTERED]"}}
  [1m[36mUser Load (1.4ms)[0m  [1m[34mSELECT "users".* FROM "users" WHERE "users"."user_name" = $1 LIMIT $2[0m  [["user_name", "Kyle"], ["LIMIT", 1]]
  ↳ app/controllers/users_controller.rb:5:in `login'
Completed 200 OK in 427ms (Views: 0.7ms | ActiveRecord: 9.2ms | Allocations: 6225)


Started POST "/users/login?user[user_name]=Kyle&user[password]=[FILTERED]" for ::1 at 2019-08-07 22:19:08 -0400
Processing by UsersController#login as */*
  Parameters: {"review"=>{"title"=>"testtest", "content"=>"testtests", "author"=>"testtest"}, "user"=>{"user_name"=>"Kyle", "password"=>"[FILTERED]"}}
  [1m[36mUser Load (0.2ms)[0m  [1m[34mSELECT "users".* FROM "users" WHERE "users"."user_name" = $1 LIMIT $2[0m  [["user_name", "Kyle"], ["LIMIT", 1]]
  ↳ app/controllers/users_controller.rb:6:in `login'
Completed 200 OK in 390ms (Views: 2.3ms | ActiveRecord: 11.0ms | Allocations: 5142)


Started GET "/users" for ::1 at 2019-08-07 22:19:43 -0400
Processing by UsersController#index as */*
  Parameters: {"review"=>{"title"=>"testtest", "content"=>"testtests", "author"=>"testtest"}}
Completed 500 Internal Server Error in 1ms (ActiveRecord: 0.0ms | Allocations: 108)


  
ArgumentError (wrong number of arguments (given 1, expected 0)):
  
app/controllers/application_controller.rb:13:in `decode_token'
app/controllers/application_controller.rb:5:in `authenticate_token'
DEPRECATION WARNING: warning: white_list_sanitizer isdeprecated, please use safe_list_sanitizer instead. (called from block in <module:ContentHelper> at /Users/hartwrm/.rbenv/versions/2.5.5/lib/ruby/gems/2.5.0/gems/actiontext-6.0.0.rc2/app/helpers/action_text/content_helper.rb:7)
Started GET "/users" for ::1 at 2019-08-07 22:20:14 -0400
  [1m[35m (6.1ms)[0m  [1m[34mSELECT "schema_migrations"."version" FROM "schema_migrations" ORDER BY "schema_migrations"."version" ASC[0m
Processing by UsersController#index as */*
  Parameters: {"review"=>{"title"=>"testtest", "content"=>"testtests", "author"=>"testtest"}}
Completed 500 Internal Server Error in 1ms (ActiveRecord: 0.0ms | Allocations: 150)


  
ArgumentError (wrong number of arguments (given 1, expected 0)):
  
app/controllers/application_controller.rb:13:in `decode_token'
app/controllers/application_controller.rb:5:in `authenticate_token'
Started GET "/users" for ::1 at 2019-08-07 22:21:44 -0400
Processing by UsersController#index as */*
  Parameters: {"review"=>{"title"=>"testtest", "content"=>"testtests", "author"=>"testtest"}}
Completed 500 Internal Server Error in 0ms (ActiveRecord: 0.0ms | Allocations: 100)


  
ArgumentError (wrong number of arguments (given 1, expected 0)):
  
app/controllers/application_controller.rb:13:in `decode_token'
app/controllers/application_controller.rb:5:in `authenticate_token'
DEPRECATION WARNING: warning: white_list_sanitizer isdeprecated, please use safe_list_sanitizer instead. (called from <top (required)> at /Users/hartwrm/Documents/Projects/stock_info/stock_info__api/stock_api/app/controllers/application_controller.rb:1)
Started POST "/users/login?user[user_name]=Kyle&user[password]=[FILTERED]" for ::1 at 2019-08-07 22:22:57 -0400
  [1m[35m (1.7ms)[0m  [1m[34mSELECT "schema_migrations"."version" FROM "schema_migrations" ORDER BY "schema_migrations"."version" ASC[0m
Processing by UsersController#login as */*
  Parameters: {"review"=>{"title"=>"testtest", "content"=>"testtests", "author"=>"testtest"}, "user"=>{"user_name"=>"Kyle", "password"=>"[FILTERED]"}}
  [1m[36mUser Load (1.0ms)[0m  [1m[34mSELECT "users".* FROM "users" WHERE "users"."user_name" = $1 LIMIT $2[0m  [["user_name", "Kyle"], ["LIMIT", 1]]
  ↳ app/controllers/users_controller.rb:6:in `login'
Completed 200 OK in 396ms (Views: 1.7ms | ActiveRecord: 14.3ms | Allocations: 6241)


Started GET "/users" for ::1 at 2019-08-07 22:23:10 -0400
Processing by UsersController#index as */*
  Parameters: {"review"=>{"title"=>"testtest", "content"=>"testtests", "author"=>"testtest"}}
Completed 500 Internal Server Error in 1ms (ActiveRecord: 0.0ms | Allocations: 106)


  
ArgumentError (wrong number of arguments (given 1, expected 0)):
  
app/controllers/application_controller.rb:13:in `decode_token'
app/controllers/application_controller.rb:5:in `authenticate_token'
Started GET "/users" for ::1 at 2019-08-07 22:29:19 -0400
Processing by UsersController#index as */*
  Parameters: {"review"=>{"title"=>"testtest", "content"=>"testtests", "author"=>"testtest"}}
Filter chain halted as :authenticate_token rendered or redirected
Completed 200 OK in 1ms (Views: 0.4ms | ActiveRecord: 0.0ms | Allocations: 192)


DEPRECATION WARNING: warning: white_list_sanitizer isdeprecated, please use safe_list_sanitizer instead. (called from block in <module:ContentHelper> at /Users/hartwrm/.rbenv/versions/2.5.5/lib/ruby/gems/2.5.0/gems/actiontext-6.0.0.rc2/app/helpers/action_text/content_helper.rb:7)
Started GET "/users" for ::1 at 2019-08-10 10:06:36 -0400
  [1m[35m (5.7ms)[0m  [1m[34mSELECT "schema_migrations"."version" FROM "schema_migrations" ORDER BY "schema_migrations"."version" ASC[0m
Processing by UsersController#index as */*
  Parameters: {"review"=>{"title"=>"testtest", "content"=>"testtests", "author"=>"testtest"}}
Filter chain halted as :authenticate_token rendered or redirected
Completed 200 OK in 6ms (Views: 1.8ms | ActiveRecord: 0.0ms | Allocations: 231)


Started GET "/users" for ::1 at 2019-08-10 10:08:13 -0400
Processing by UsersController#index as */*
  Parameters: {"review"=>{"title"=>"testtest", "content"=>"testtests", "author"=>"testtest"}}
Filter chain halted as :authenticate_token rendered or redirected
Completed 200 OK in 1ms (Views: 0.2ms | ActiveRecord: 0.0ms | Allocations: 202)


Started GET "/users" for ::1 at 2019-08-10 10:08:19 -0400
Processing by UsersController#index as */*
  Parameters: {"review"=>{"title"=>"testtest", "content"=>"testtests", "author"=>"testtest"}}
Filter chain halted as :authenticate_token rendered or redirected
Completed 200 OK in 2ms (Views: 0.4ms | ActiveRecord: 0.0ms | Allocations: 163)


Started GET "/users" for ::1 at 2019-08-10 10:09:10 -0400
Processing by UsersController#index as */*
  Parameters: {"review"=>{"title"=>"testtest", "content"=>"testtests", "author"=>"testtest"}}
Completed 500 Internal Server Error in 1ms (ActiveRecord: 0.0ms | Allocations: 248)


  
JWT::ExpiredSignature (Signature has expired):
  
app/controllers/application_controller.rb:20:in `decode_token'
app/controllers/application_controller.rb:5:in `authenticate_token'
Started GET "/users/login" for ::1 at 2019-08-10 10:09:51 -0400
Processing by UsersController#show as */*
  Parameters: {"review"=>{"title"=>"testtest", "content"=>"testtests", "author"=>"testtest"}, "id"=>"login"}
  [1m[36mUser Load (2.2ms)[0m  [1m[34mSELECT "users".* FROM "users" WHERE "users"."id" = $1 LIMIT $2[0m  [["id", nil], ["LIMIT", 1]]
  ↳ app/controllers/users_controller.rb:56:in `set_user'
Completed 404 Not Found in 259ms (ActiveRecord: 142.5ms | Allocations: 5781)


  
ActiveRecord::RecordNotFound (Couldn't find User with 'id'=login):
  
app/controllers/users_controller.rb:56:in `set_user'
Started GET "/users/login?user[name]=Kyle&user[password]=[FILTERED]" for ::1 at 2019-08-10 10:10:07 -0400
Processing by UsersController#show as */*
  Parameters: {"review"=>{"title"=>"testtest", "content"=>"testtests", "author"=>"testtest"}, "user"=>{"name"=>"Kyle", "password"=>"[FILTERED]"}, "id"=>"login"}
  [1m[36mUser Load (1.8ms)[0m  [1m[34mSELECT "users".* FROM "users" WHERE "users"."id" = $1 LIMIT $2[0m  [["id", nil], ["LIMIT", 1]]
  ↳ app/controllers/users_controller.rb:56:in `set_user'
Completed 404 Not Found in 7ms (ActiveRecord: 1.8ms | Allocations: 637)


  
ActiveRecord::RecordNotFound (Couldn't find User with 'id'=login):
  
app/controllers/users_controller.rb:56:in `set_user'
Started POST "/users/login?user[name]=Kyle&user[password]=[FILTERED]" for ::1 at 2019-08-10 10:10:14 -0400
Processing by UsersController#login as */*
  Parameters: {"review"=>{"title"=>"testtest", "content"=>"testtests", "author"=>"testtest"}, "user"=>{"name"=>"Kyle", "password"=>"[FILTERED]"}}
  [1m[36mUser Load (7.9ms)[0m  [1m[34mSELECT "users".* FROM "users" WHERE "users"."user_name" IS NULL LIMIT $1[0m  [["LIMIT", 1]]
  ↳ app/controllers/users_controller.rb:6:in `login'
Completed 200 OK in 19ms (Views: 0.3ms | ActiveRecord: 7.9ms | Allocations: 896)


DEPRECATION WARNING: warning: white_list_sanitizer isdeprecated, please use safe_list_sanitizer instead. (called from <top (required)> at /Users/hartwrm/Documents/Projects/stock_info/stock_info__api/stock_api/app/controllers/application_controller.rb:1)
  [1m[36mUser Load (0.8ms)[0m  [1m[34mSELECT "users".* FROM "users" LIMIT $1[0m  [["LIMIT", 11]]
Started GET "/users/login?user[name]=Kyle&user[password]=[FILTERED]" for ::1 at 2019-08-10 10:11:59 -0400
Processing by UsersController#show as */*
  Parameters: {"review"=>{"title"=>"testtest", "content"=>"testtests", "author"=>"testtest"}, "user"=>{"name"=>"Kyle", "password"=>"[FILTERED]"}, "id"=>"login"}
  [1m[36mUser Load (1.0ms)[0m  [1m[34mSELECT "users".* FROM "users" WHERE "users"."id" = $1 LIMIT $2[0m  [["id", nil], ["LIMIT", 1]]
  ↳ app/controllers/users_controller.rb:56:in `set_user'
Completed 404 Not Found in 3ms (ActiveRecord: 1.0ms | Allocations: 637)


  
ActiveRecord::RecordNotFound (Couldn't find User with 'id'=login):
  
app/controllers/users_controller.rb:56:in `set_user'
Started GET "/users/" for ::1 at 2019-08-10 10:12:09 -0400
Processing by UsersController#index as */*
  Parameters: {"review"=>{"title"=>"testtest", "content"=>"testtests", "author"=>"testtest"}}
Completed 500 Internal Server Error in 1ms (ActiveRecord: 0.0ms | Allocations: 210)


  
JWT::ExpiredSignature (Signature has expired):
  
app/controllers/application_controller.rb:20:in `decode_token'
app/controllers/application_controller.rb:5:in `authenticate_token'
Started POST "/users/login?user[user_name]=Kyle&user[password]=[FILTERED]" for ::1 at 2019-08-10 10:13:26 -0400
Processing by UsersController#login as */*
  Parameters: {"review"=>{"title"=>"testtest", "content"=>"testtests", "author"=>"testtest"}, "user"=>{"user_name"=>"Kyle", "password"=>"[FILTERED]"}}
  [1m[36mUser Load (6.0ms)[0m  [1m[34mSELECT "users".* FROM "users" WHERE "users"."user_name" = $1 LIMIT $2[0m  [["user_name", "Kyle"], ["LIMIT", 1]]
  ↳ app/controllers/users_controller.rb:6:in `login'
Completed 200 OK in 556ms (Views: 0.8ms | ActiveRecord: 6.0ms | Allocations: 4320)


Started PUT "/users" for ::1 at 2019-08-10 10:15:25 -0400
  
ActionController::RoutingError (No route matches [PUT] "/users"):
  
actionpack (6.0.0.rc2) lib/action_dispatch/middleware/debug_exceptions.rb:36:in `call'
actionpack (6.0.0.rc2) lib/action_dispatch/middleware/show_exceptions.rb:33:in `call'
railties (6.0.0.rc2) lib/rails/rack/logger.rb:38:in `call_app'
railties (6.0.0.rc2) lib/rails/rack/logger.rb:26:in `block in call'
activesupport (6.0.0.rc2) lib/active_support/tagged_logging.rb:80:in `block in tagged'
activesupport (6.0.0.rc2) lib/active_support/tagged_logging.rb:28:in `tagged'
activesupport (6.0.0.rc2) lib/active_support/tagged_logging.rb:80:in `tagged'
railties (6.0.0.rc2) lib/rails/rack/logger.rb:26:in `call'
actionpack (6.0.0.rc2) lib/action_dispatch/middleware/remote_ip.rb:81:in `call'
actionpack (6.0.0.rc2) lib/action_dispatch/middleware/request_id.rb:27:in `call'
rack (2.0.7) lib/rack/runtime.rb:22:in `call'
activesupport (6.0.0.rc2) lib/active_support/cache/strategy/local_cache_middleware.rb:29:in `call'
actionpack (6.0.0.rc2) lib/action_dispatch/middleware/executor.rb:14:in `call'
actionpack (6.0.0.rc2) lib/action_dispatch/middleware/static.rb:126:in `call'
rack (2.0.7) lib/rack/sendfile.rb:111:in `call'
actionpack (6.0.0.rc2) lib/action_dispatch/middleware/host_authorization.rb:83:in `call'
railties (6.0.0.rc2) lib/rails/engine.rb:526:in `call'
puma (3.12.1) lib/puma/configuration.rb:227:in `call'
puma (3.12.1) lib/puma/server.rb:660:in `handle_request'
puma (3.12.1) lib/puma/server.rb:474:in `process_client'
puma (3.12.1) lib/puma/server.rb:334:in `block in run'
puma (3.12.1) lib/puma/thread_pool.rb:135:in `block in spawn_thread'
Started PUT "/users/1" for ::1 at 2019-08-10 10:15:46 -0400
Processing by UsersController#update as */*
  Parameters: {"review"=>{"title"=>"testtest", "content"=>"testtests", "author"=>"testtest"}, "id"=>"1"}
  [1m[36mUser Load (7.1ms)[0m  [1m[34mSELECT "users".* FROM "users" WHERE "users"."id" = $1 LIMIT $2[0m  [["id", 1], ["LIMIT", 1]]
  ↳ app/controllers/users_controller.rb:56:in `set_user'
Completed 500 Internal Server Error in 11ms (ActiveRecord: 7.1ms | Allocations: 755)


  
JWT::ExpiredSignature (Signature has expired):
  
app/controllers/application_controller.rb:20:in `decode_token'
app/controllers/application_controller.rb:5:in `authenticate_token'
Started POST "/users/login?user[user_name]=Kyle&user[password]=[FILTERED]" for ::1 at 2019-08-10 10:17:04 -0400
Processing by UsersController#login as */*
  Parameters: {"review"=>{"title"=>"testtest", "content"=>"testtests", "author"=>"testtest"}, "user"=>{"user_name"=>"Kyle", "password"=>"[FILTERED]"}}
  [1m[36mUser Load (0.5ms)[0m  [1m[34mSELECT "users".* FROM "users" WHERE "users"."user_name" = $1 LIMIT $2[0m  [["user_name", "Kyle"], ["LIMIT", 1]]
  ↳ app/controllers/users_controller.rb:6:in `login'
Completed 200 OK in 627ms (Views: 2.7ms | ActiveRecord: 8.9ms | Allocations: 5144)


Started GET "/users/" for ::1 at 2019-08-10 10:17:34 -0400
Processing by UsersController#index as */*
  Parameters: {"review"=>{"title"=>"testtest", "content"=>"testtests", "author"=>"testtest"}}
Completed 500 Internal Server Error in 0ms (ActiveRecord: 0.0ms | Allocations: 212)


  
JWT::ExpiredSignature (Signature has expired):
  
app/controllers/application_controller.rb:20:in `decode_token'
app/controllers/application_controller.rb:5:in `authenticate_token'
Started PUT "/users/eyJhbGciOiJIUzI1NiJ9.eyJleHAiOjE1NjUyMzI1NDgsImlhdCI6MTU2NTIzMDc0OCwiaXNzIjoiSGFSdFdyTTA5MjEkIiwidXNlciI6eyJpZCI6MSwidXNlcl9uYW1lIjoiS3lsZSJ9fQ.de1tETOqaw9L2BSvUVra1gqtcvX1Opqz3meviMUjNDk" for ::1 at 2019-08-10 10:18:14 -0400
  
ActionController::RoutingError (No route matches [PUT] "/users/eyJhbGciOiJIUzI1NiJ9.eyJleHAiOjE1NjUyMzI1NDgsImlhdCI6MTU2NTIzMDc0OCwiaXNzIjoiSGFSdFdyTTA5MjEkIiwidXNlciI6eyJpZCI6MSwidXNlcl9uYW1lIjoiS3lsZSJ9fQ.de1tETOqaw9L2BSvUVra1gqtcvX1Opqz3meviMUjNDk"):
  
actionpack (6.0.0.rc2) lib/action_dispatch/middleware/debug_exceptions.rb:36:in `call'
actionpack (6.0.0.rc2) lib/action_dispatch/middleware/show_exceptions.rb:33:in `call'
railties (6.0.0.rc2) lib/rails/rack/logger.rb:38:in `call_app'
railties (6.0.0.rc2) lib/rails/rack/logger.rb:26:in `block in call'
activesupport (6.0.0.rc2) lib/active_support/tagged_logging.rb:80:in `block in tagged'
activesupport (6.0.0.rc2) lib/active_support/tagged_logging.rb:28:in `tagged'
activesupport (6.0.0.rc2) lib/active_support/tagged_logging.rb:80:in `tagged'
railties (6.0.0.rc2) lib/rails/rack/logger.rb:26:in `call'
actionpack (6.0.0.rc2) lib/action_dispatch/middleware/remote_ip.rb:81:in `call'
actionpack (6.0.0.rc2) lib/action_dispatch/middleware/request_id.rb:27:in `call'
rack (2.0.7) lib/rack/runtime.rb:22:in `call'
activesupport (6.0.0.rc2) lib/active_support/cache/strategy/local_cache_middleware.rb:29:in `call'
actionpack (6.0.0.rc2) lib/action_dispatch/middleware/executor.rb:14:in `call'
actionpack (6.0.0.rc2) lib/action_dispatch/middleware/static.rb:126:in `call'
rack (2.0.7) lib/rack/sendfile.rb:111:in `call'
actionpack (6.0.0.rc2) lib/action_dispatch/middleware/host_authorization.rb:83:in `call'
railties (6.0.0.rc2) lib/rails/engine.rb:526:in `call'
puma (3.12.1) lib/puma/configuration.rb:227:in `call'
puma (3.12.1) lib/puma/server.rb:660:in `handle_request'
puma (3.12.1) lib/puma/server.rb:474:in `process_client'
puma (3.12.1) lib/puma/server.rb:334:in `block in run'
puma (3.12.1) lib/puma/thread_pool.rb:135:in `block in spawn_thread'
Started GET "/users" for ::1 at 2019-08-10 10:20:40 -0400
Processing by UsersController#index as */*
  Parameters: {"review"=>{"title"=>"testtest", "content"=>"testtests", "author"=>"testtest"}}
Completed 500 Internal Server Error in 2ms (ActiveRecord: 0.0ms | Allocations: 212)


  
JWT::ExpiredSignature (Signature has expired):
  
app/controllers/application_controller.rb:20:in `decode_token'
app/controllers/application_controller.rb:5:in `authenticate_token'
Started POST "/users/login?user[user_name]=Kyle&user[password]=[FILTERED]" for ::1 at 2019-08-10 10:22:51 -0400
Processing by UsersController#login as */*
  Parameters: {"review"=>{"title"=>"testtest", "content"=>"testtests", "author"=>"testtest"}, "user"=>{"user_name"=>"Kyle", "password"=>"[FILTERED]"}}
  [1m[36mUser Load (1.0ms)[0m  [1m[34mSELECT "users".* FROM "users" WHERE "users"."user_name" = $1 LIMIT $2[0m  [["user_name", "Kyle"], ["LIMIT", 1]]
  ↳ app/controllers/users_controller.rb:6:in `login'
Completed 200 OK in 757ms (Views: 0.6ms | ActiveRecord: 1.0ms | Allocations: 959)


Started POST "/users/login?user[user_name]=Kyle&user[password]=[FILTERED]" for ::1 at 2019-08-10 10:23:46 -0400
Processing by UsersController#login as */*
  Parameters: {"song"=>{"title"=>"Something different"}, "user"=>{"user_name"=>"Kyle", "password"=>"[FILTERED]"}}
  [1m[36mUser Load (0.6ms)[0m  [1m[34mSELECT "users".* FROM "users" WHERE "users"."user_name" = $1 LIMIT $2[0m  [["user_name", "Kyle"], ["LIMIT", 1]]
  ↳ app/controllers/users_controller.rb:6:in `login'
Completed 200 OK in 400ms (Views: 0.3ms | ActiveRecord: 0.6ms | Allocations: 957)


Started POST "/users/login?user[user_name]=Kyle&user[password]=[FILTERED]" for ::1 at 2019-08-10 10:25:07 -0400
Processing by UsersController#login as */*
  Parameters: {"user"=>{"user_name"=>"Kyle", "password"=>"[FILTERED]"}}
  [1m[36mUser Load (0.5ms)[0m  [1m[34mSELECT "users".* FROM "users" WHERE "users"."user_name" = $1 LIMIT $2[0m  [["user_name", "Kyle"], ["LIMIT", 1]]
  ↳ app/controllers/users_controller.rb:6:in `login'
Completed 200 OK in 375ms (Views: 0.6ms | ActiveRecord: 0.5ms | Allocations: 950)


Started GET "/users" for ::1 at 2019-08-10 10:25:41 -0400
Processing by UsersController#index as */*
Completed 500 Internal Server Error in 0ms (ActiveRecord: 0.0ms | Allocations: 115)


  
JWT::DecodeError (Nil JSON web token):
  
app/controllers/application_controller.rb:20:in `decode_token'
app/controllers/application_controller.rb:5:in `authenticate_token'
Started GET "/users" for ::1 at 2019-08-10 10:26:05 -0400
Processing by UsersController#index as */*
Filter chain halted as :authenticate_token rendered or redirected
Completed 200 OK in 5ms (Views: 0.8ms | ActiveRecord: 0.0ms | Allocations: 378)


Started GET "/users" for ::1 at 2019-08-10 10:28:44 -0400
Processing by UsersController#index as */*
  [1m[36mUser Load (0.3ms)[0m  [1m[34mSELECT "users".* FROM "users"[0m
  ↳ app/controllers/users_controller.rb:20:in `index'
Completed 200 OK in 26ms (Views: 14.2ms | ActiveRecord: 4.0ms | Allocations: 5258)


Started GET "/users/1" for ::1 at 2019-08-10 10:33:02 -0400
  
SyntaxError (/Users/hartwrm/Documents/Projects/stock_info/stock_info__api/stock_api/app/controllers/application_controller.rb:24: syntax error, unexpected end-of-input, expecting keyword_end):
  
app/controllers/application_controller.rb:24: syntax error, unexpected end-of-input, expecting keyword_end
app/controllers/application_controller.rb:24: syntax error, unexpected end-of-input, expecting keyword_end
app/controllers/users_controller.rb:1:in `<top (required)>'
Started POST "/users/login?user[user_name]=Kyle&user[password]=[FILTERED]" for ::1 at 2019-08-10 10:34:46 -0400
Started GET "/users/1" for ::1 at 2019-08-10 10:36:34 -0400
Started GET "/users/1" for ::1 at 2019-08-10 10:37:02 -0400
Started GET "/users/1kyle" for ::1 at 2019-08-10 10:37:03 -0400
Started POST "/users/login?user[user_name]=Kyle&user[password]=[FILTERED]" for ::1 at 2019-08-10 10:37:03 -0400
Processing by UsersController#login as */*
  Parameters: {"user"=>{"user_name"=>"Kyle", "password"=>"[FILTERED]"}}
Processing by UsersController#show as */*
  Parameters: {"id"=>"1"}
  [1m[36mUser Load (2.6ms)[0m  [1m[34mSELECT "users".* FROM "users" WHERE "users"."user_name" = $1 LIMIT $2[0m  [["user_name", "Kyle"], ["LIMIT", 1]]
  [1m[36mUser Load (1.0ms)[0m  [1m[34mSELECT "users".* FROM "users" WHERE "users"."id" = $1 LIMIT $2[0m  [["id", 1], ["LIMIT", 1]]
  ↳ app/controllers/users_controller.rb:6:in `login'
  ↳ app/controllers/users_controller.rb:56:in `set_user'
Processing by UsersController#show as */*
Completed 200 OK in 454ms (Views: 0.9ms | ActiveRecord: 5.4ms | Allocations: 9404)


  Parameters: {"id"=>"1"}
Filter chain halted as :authenticate_token rendered or redirected
Completed 200 OK in 444ms (Views: 0.1ms | ActiveRecord: 19.8ms | Allocations: 6665)


  [1m[36mUser Load (1.0ms)[0m  [1m[34mSELECT "users".* FROM "users" WHERE "users"."id" = $1 LIMIT $2[0m  [["id", 1], ["LIMIT", 1]]
  ↳ app/controllers/users_controller.rb:56:in `set_user'
  [1m[36mUser Load (0.5ms)[0m  [1m[34mSELECT "users".* FROM "users" WHERE "users"."id" = $1 LIMIT $2[0m  [["id", 1], ["LIMIT", 1]]
  ↳ app/controllers/application_controller.rb:22:in `get_current_user'
Completed 200 OK in 13ms (Views: 1.2ms | ActiveRecord: 2.4ms | Allocations: 1868)


  [1m[35m (2.3ms)[0m  [1m[35mBEGIN[0m
  [1m[36mUser Create (7.6ms)[0m  [1m[32mINSERT INTO "users" ("user_name", "password_digest", "created_at", "updated_at") VALUES ($1, $2, $3, $4) RETURNING "id"[0m  [["user_name", "Gollum"], ["password_digest", "$2a$12$5TpvkiW713pIHq/3ErkanOA22GbQhQIUFF.mXjcNhNaaW26azfaqi"], ["created_at", "2019-08-10 14:38:53.279523"], ["updated_at", "2019-08-10 14:38:53.279523"]]
  [1m[35m (1.0ms)[0m  [1m[35mCOMMIT[0m
Started POST "/users/login?user[user_name]=Gollum&user[password]=[FILTERED]" for ::1 at 2019-08-10 10:39:20 -0400
Started POST "/users/login?user[user_name]=Gollum&user[password]=[FILTERED]" for ::1 at 2019-08-10 10:39:45 -0400
Processing by UsersController#show as */*
Processing by UsersController#login as */*
  Parameters: {"user"=>{"user_name"=>"Kyle", "password"=>"[FILTERED]"}}
  Parameters: {"id"=>"1kyle"}
Processing by UsersController#login as */*
  Parameters: {"user"=>{"user_name"=>"Gollum", "password"=>"[FILTERED]"}}
  [1m[36mUser Load (0.8ms)[0m  [1m[34mSELECT "users".* FROM "users" WHERE "users"."user_name" = $1 LIMIT $2[0m  [["user_name", "Kyle"], ["LIMIT", 1]]
  ↳ app/controllers/users_controller.rb:8:in `login'
  [1m[36mUser Load (1.5ms)[0m  [1m[34mSELECT "users".* FROM "users" WHERE "users"."user_name" = $1 LIMIT $2[0m  [["user_name", "Gollum"], ["LIMIT", 1]]
  ↳ app/controllers/users_controller.rb:8:in `login'
  [1m[36mUser Load (460.7ms)[0m  [1m[34mSELECT "users".* FROM "users" WHERE "users"."id" = $1 LIMIT $2[0m  [["id", 1], ["LIMIT", 1]]
  ↳ app/controllers/users_controller.rb:58:in `set_user'
Filter chain halted as :authenticate_token rendered or redirected
Completed 200 OK in 900ms (Views: 0.6ms | ActiveRecord: 466.3ms | Allocations: 6575)


Completed 200 OK in 901ms (Views: 0.2ms | ActiveRecord: 473.2ms | Allocations: 6653)


Completed 200 OK in 904ms (Views: 0.4ms | ActiveRecord: 12.3ms | Allocations: 7129)


Processing by UsersController#login as */*
  Parameters: {"user"=>{"user_name"=>"Gollum", "password"=>"[FILTERED]"}}
  [1m[36mUser Load (0.4ms)[0m  [1m[34mSELECT "users".* FROM "users" WHERE "users"."user_name" = $1 LIMIT $2[0m  [["user_name", "Gollum"], ["LIMIT", 1]]
  ↳ app/controllers/users_controller.rb:8:in `login'
Completed 200 OK in 385ms (Views: 0.7ms | ActiveRecord: 0.6ms | Allocations: 1061)


Started GET "/users/2" for ::1 at 2019-08-10 10:40:21 -0400
Processing by UsersController#show as */*
  Parameters: {"id"=>"2"}
  [1m[36mUser Load (0.6ms)[0m  [1m[34mSELECT "users".* FROM "users" WHERE "users"."id" = $1 LIMIT $2[0m  [["id", 2], ["LIMIT", 1]]
  ↳ app/controllers/users_controller.rb:58:in `set_user'
  [1m[36mUser Load (0.4ms)[0m  [1m[34mSELECT "users".* FROM "users" WHERE "users"."id" = $1 LIMIT $2[0m  [["id", 2], ["LIMIT", 1]]
  ↳ app/controllers/application_controller.rb:22:in `get_current_user'
  [1m[36mCACHE User Load (0.1ms)[0m  [1m[34mSELECT "users".* FROM "users" WHERE "users"."id" = $1 LIMIT $2[0m  [["id", 2], ["LIMIT", 1]]
  ↳ app/controllers/application_controller.rb:22:in `get_current_user'
Completed 200 OK in 17ms (Views: 1.0ms | ActiveRecord: 1.1ms | Allocations: 2073)


Started GET "/users/1" for ::1 at 2019-08-10 10:40:29 -0400
Processing by UsersController#show as */*
  Parameters: {"id"=>"1"}
  [1m[36mUser Load (1.5ms)[0m  [1m[34mSELECT "users".* FROM "users" WHERE "users"."id" = $1 LIMIT $2[0m  [["id", 1], ["LIMIT", 1]]
  ↳ app/controllers/users_controller.rb:58:in `set_user'
  [1m[36mUser Load (2.7ms)[0m  [1m[34mSELECT "users".* FROM "users" WHERE "users"."id" = $1 LIMIT $2[0m  [["id", 2], ["LIMIT", 1]]
  ↳ app/controllers/application_controller.rb:22:in `get_current_user'
Filter chain halted as :authorize_user rendered or redirected
Completed 200 OK in 12ms (Views: 1.2ms | ActiveRecord: 4.1ms | Allocations: 1440)


Started GET "/users" for ::1 at 2019-08-10 10:56:20 -0400
Processing by UsersController#index as */*
  [1m[36mUser Load (1.4ms)[0m  [1m[34mSELECT "users".* FROM "users"[0m
  ↳ app/controllers/users_controller.rb:22:in `index'
Completed 200 OK in 5ms (Views: 2.9ms | ActiveRecord: 1.4ms | Allocations: 1277)


Started GET "/users" for ::1 at 2019-08-10 10:56:35 -0400
Processing by UsersController#index as */*
Filter chain halted as :authenticate_token rendered or redirected
Completed 200 OK in 2ms (Views: 0.9ms | ActiveRecord: 0.0ms | Allocations: 149)


Started GET "/users" for ::1 at 2019-08-10 10:56:40 -0400
Processing by UsersController#index as */*
  [1m[36mUser Load (0.8ms)[0m  [1m[34mSELECT "users".* FROM "users"[0m
  ↳ app/controllers/users_controller.rb:22:in `index'
Completed 200 OK in 6ms (Views: 3.6ms | ActiveRecord: 0.8ms | Allocations: 1199)


DEPRECATION WARNING: warning: white_list_sanitizer isdeprecated, please use safe_list_sanitizer instead. (called from <top (required)> at /Users/hartwrm/Documents/Projects/stock_info/stock_info__api/stock_api/app/controllers/application_controller.rb:1)
  [1m[35m (1.0ms)[0m  [1m[34mSELECT pg_try_advisory_lock(2585040186375428145)[0m
  [1m[35m (0.7ms)[0m  [1m[34mSELECT "schema_migrations"."version" FROM "schema_migrations" ORDER BY "schema_migrations"."version" ASC[0m
Migrating to CreateCompanies (20190810162832)
  [1m[35m (0.2ms)[0m  [1m[35mBEGIN[0m
  [1m[35m (36.0ms)[0m  [1m[35mCREATE TABLE "companies" ("id" bigserial primary key, "name" character varying, "symbol" character varying, "created_at" timestamp(6) NOT NULL, "updated_at" timestamp(6) NOT NULL)[0m
  [1m[36mprimary::SchemaMigration Create (0.5ms)[0m  [1m[32mINSERT INTO "schema_migrations" ("version") VALUES ($1) RETURNING "version"[0m  [["version", "20190810162832"]]
  [1m[35m (0.8ms)[0m  [1m[35mCOMMIT[0m
Migrating to CreatePrices (20190810163343)
  [1m[35m (0.3ms)[0m  [1m[35mBEGIN[0m
  [1m[35m (1.9ms)[0m  [1m[35mCREATE TABLE "prices" ("id" bigserial primary key, "price" integer, "company_id" integer, "created_at" timestamp(6) NOT NULL, "updated_at" timestamp(6) NOT NULL)[0m
  [1m[36mprimary::SchemaMigration Create (0.3ms)[0m  [1m[32mINSERT INTO "schema_migrations" ("version") VALUES ($1) RETURNING "version"[0m  [["version", "20190810163343"]]
  [1m[35m (1.1ms)[0m  [1m[35mCOMMIT[0m
  [1m[36mActiveRecord::InternalMetadata Load (2.9ms)[0m  [1m[34mSELECT "ar_internal_metadata".* FROM "ar_internal_metadata" WHERE "ar_internal_metadata"."key" = $1 LIMIT $2[0m  [["key", "environment"], ["LIMIT", 1]]
  [1m[35m (0.6ms)[0m  [1m[34mSELECT pg_advisory_unlock(2585040186375428145)[0m
  [1m[35m (0.7ms)[0m  [1m[34mSELECT "schema_migrations"."version" FROM "schema_migrations" ORDER BY "schema_migrations"."version" ASC[0m
  [1m[35m (0.6ms)[0m  [1m[34mSELECT "schema_migrations"."version" FROM "schema_migrations" ORDER BY "schema_migrations"."version" ASC[0m
  [1m[35m (0.2ms)[0m  [1m[35mBEGIN[0m
  [1m[36mCompany Create (1.9ms)[0m  [1m[32mINSERT INTO "companies" ("name", "symbol", "created_at", "updated_at") VALUES ($1, $2, $3, $4) RETURNING "id"[0m  [["name", "Coty Inc"], ["symbol", "COTY"], ["created_at", "2019-08-10 16:51:21.950907"], ["updated_at", "2019-08-10 16:51:21.950907"]]
  [1m[35m (0.4ms)[0m  [1m[35mCOMMIT[0m
  [1m[35m (0.3ms)[0m  [1m[35mBEGIN[0m
  [1m[36mCompany Create (0.3ms)[0m  [1m[32mINSERT INTO "companies" ("name", "symbol", "created_at", "updated_at") VALUES ($1, $2, $3, $4) RETURNING "id"[0m  [["name", "Xeros Corporation"], ["symbol", "XRX"], ["created_at", "2019-08-10 16:51:21.960520"], ["updated_at", "2019-08-10 16:51:21.960520"]]
  [1m[35m (0.4ms)[0m  [1m[35mCOMMIT[0m
  [1m[35m (0.2ms)[0m  [1m[35mBEGIN[0m
  [1m[36mCompany Create (0.3ms)[0m  [1m[32mINSERT INTO "companies" ("name", "symbol", "created_at", "updated_at") VALUES ($1, $2, $3, $4) RETURNING "id"[0m  [["name", "Chipotle Mexican Grill"], ["symbol", "CMG"], ["created_at", "2019-08-10 16:51:21.966547"], ["updated_at", "2019-08-10 16:51:21.966547"]]
  [1m[35m (0.6ms)[0m  [1m[35mCOMMIT[0m
  [1m[35m (0.1ms)[0m  [1m[35mBEGIN[0m
  [1m[36mCompany Create (0.3ms)[0m  [1m[32mINSERT INTO "companies" ("name", "symbol", "created_at", "updated_at") VALUES ($1, $2, $3, $4) RETURNING "id"[0m  [["name", "Cadence Design Systems"], ["symbol", "CDNS"], ["created_at", "2019-08-10 16:51:21.972423"], ["updated_at", "2019-08-10 16:51:21.972423"]]
  [1m[35m (0.3ms)[0m  [1m[35mCOMMIT[0m
  [1m[35m (0.2ms)[0m  [1m[35mBEGIN[0m
  [1m[36mCompany Create (0.3ms)[0m  [1m[32mINSERT INTO "companies" ("name", "symbol", "created_at", "updated_at") VALUES ($1, $2, $3, $4) RETURNING "id"[0m  [["name", "Anadarko Petroleum Corporation"], ["symbol", "APC"], ["created_at", "2019-08-10 16:51:21.976543"], ["updated_at", "2019-08-10 16:51:21.976543"]]
  [1m[35m (0.3ms)[0m  [1m[35mCOMMIT[0m
  [1m[35m (0.2ms)[0m  [1m[35mBEGIN[0m
  [1m[36mCompany Create (0.7ms)[0m  [1m[32mINSERT INTO "companies" ("name", "symbol", "created_at", "updated_at") VALUES ($1, $2, $3, $4) RETURNING "id"[0m  [["name", "Total System Services"], ["symbol", "TSS"], ["created_at", "2019-08-10 16:51:21.981041"], ["updated_at", "2019-08-10 16:51:21.981041"]]
  [1m[35m (0.3ms)[0m  [1m[35mCOMMIT[0m
  [1m[35m (0.6ms)[0m  [1m[35mBEGIN[0m
  [1m[36mCompany Create (0.3ms)[0m  [1m[32mINSERT INTO "companies" ("name", "symbol", "created_at", "updated_at") VALUES ($1, $2, $3, $4) RETURNING "id"[0m  [["name", "Dentsply Sirona Inc"], ["symbol", "XRAY"], ["created_at", "2019-08-10 16:51:21.985963"], ["updated_at", "2019-08-10 16:51:21.985963"]]
  [1m[35m (0.4ms)[0m  [1m[35mCOMMIT[0m
  [1m[35m (0.1ms)[0m  [1m[35mBEGIN[0m
  [1m[36mCompany Create (0.3ms)[0m  [1m[32mINSERT INTO "companies" ("name", "symbol", "created_at", "updated_at") VALUES ($1, $2, $3, $4) RETURNING "id"[0m  [["name", "Advanced Micro Devices"], ["symbol", "AMD"], ["created_at", "2019-08-10 16:51:21.990711"], ["updated_at", "2019-08-10 16:51:21.990711"]]
  [1m[35m (0.3ms)[0m  [1m[35mCOMMIT[0m
  [1m[35m (0.1ms)[0m  [1m[35mBEGIN[0m
  [1m[36mCompany Create (0.3ms)[0m  [1m[32mINSERT INTO "companies" ("name", "symbol", "created_at", "updated_at") VALUES ($1, $2, $3, $4) RETURNING "id"[0m  [["name", "MSCI"], ["symbol", "MSCI"], ["created_at", "2019-08-10 16:51:21.994799"], ["updated_at", "2019-08-10 16:51:21.994799"]]
  [1m[35m (0.3ms)[0m  [1m[35mCOMMIT[0m
  [1m[35m (0.1ms)[0m  [1m[35mBEGIN[0m
  [1m[36mCompany Create (0.3ms)[0m  [1m[32mINSERT INTO "companies" ("name", "symbol", "created_at", "updated_at") VALUES ($1, $2, $3, $4) RETURNING "id"[0m  [["name", "DISH Network Corporation"], ["symbol", "DISH"], ["created_at", "2019-08-10 16:51:21.999335"], ["updated_at", "2019-08-10 16:51:21.999335"]]
  [1m[35m (0.4ms)[0m  [1m[35mCOMMIT[0m
DEPRECATION WARNING: warning: white_list_sanitizer isdeprecated, please use safe_list_sanitizer instead. (called from <top (required)> at /Users/hartwrm/Documents/Projects/stock_info/stock_info__api/stock_api/app/controllers/application_controller.rb:1)
  [1m[36mCompany Load (0.3ms)[0m  [1m[34mSELECT "companies".* FROM "companies" LIMIT $1[0m  [["LIMIT", 11]]
